Info: Starting: Create block symbol file (.bsf)
Info: qsys-generate C:\Users\Yao\Documents\GitHub\final-project-morse-code-translator\project_copy\unnamed.qsys --block-symbol-file --output-directory=C:\Users\Yao\Documents\GitHub\final-project-morse-code-translator\project_copy\unnamed --family="Cyclone IV E" --part=EP4CE115F29C7
Progress: Loading project_copy/unnamed.qsys
Progress: Reading input file
Progress: Adding character_lcd_0 [altera_up_avalon_character_lcd 15.1]
Progress: Parameterizing module character_lcd_0
Progress: Building connections
Progress: Parameterizing connections
Progress: Validating
Progress: Done reading input file
Info: qsys-generate succeeded.
Info: Finished: Create block symbol file (.bsf)
Info: 
Info: Starting: Create HDL design files for synthesis
Info: qsys-generate C:\Users\Yao\Documents\GitHub\final-project-morse-code-translator\project_copy\unnamed.qsys --synthesis=VERILOG --output-directory=C:\Users\Yao\Documents\GitHub\final-project-morse-code-translator\project_copy\unnamed\synthesis --family="Cyclone IV E" --part=EP4CE115F29C7
Progress: Loading project_copy/unnamed.qsys
Progress: Reading input file
Progress: Adding character_lcd_0 [altera_up_avalon_character_lcd 15.1]
Progress: Parameterizing module character_lcd_0
Progress: Building connections
Progress: Parameterizing connections
Progress: Validating
Progress: Done reading input file
Info: unnamed: Generating unnamed "unnamed" for QUARTUS_SYNTH
Info: character_lcd_0: Starting Generation of Character LCD
Info: character_lcd_0: "unnamed" instantiated altera_up_avalon_character_lcd "character_lcd_0"
Info: unnamed: Done "unnamed" with 2 modules, 4 files
Info: qsys-generate succeeded.
Info: Finished: Create HDL design files for synthesis
